Build started 2014-04-26 2:10:23 AM.
     1>Project "C:\Users\littlegustv\vcprojects\Ignited\Ignited\Ignited.vcxproj" on node 2 (Build target(s)).
     1>ClCompile:
         C:\Program Files (x86)\Microsoft Visual Studio 12.0\VC\bin\CL.exe /c /ZI /nologo /W3 /WX- /sdl /Od /Oy- /D _CRT_SECURE_NO_DEPRECATE /D _CRT_NONSTDC_NO_DEPRECATE /D _MBCS /Gm /EHsc /RTC1 /MDd /GS /fp:precise /Zc:wchar_t /Zc:forScope /Fo"Debug\\" /Fd"Debug\vc120.pdb" /Gd /TP /analyze- /errorReport:prompt Dialogue.cpp
         Dialogue.cpp
       Link:
         C:\Program Files (x86)\Microsoft Visual Studio 12.0\VC\bin\link.exe /ERRORREPORT:PROMPT /OUT:"C:\Users\littlegustv\vcprojects\Ignited\Debug\Ignited.exe" /INCREMENTAL /NOLOGO "allegro-5.0.10-monolith-md-debug.lib" kernel32.lib user32.lib gdi32.lib winspool.lib comdlg32.lib advapi32.lib shell32.lib ole32.lib oleaut32.lib uuid.lib odbc32.lib odbccp32.lib /MANIFEST /MANIFESTUAC:"level='asInvoker' uiAccess='false'" /manifest:embed /DEBUG /PDB:"C:\Users\littlegustv\vcprojects\Ignited\Debug\Ignited.pdb" /TLBID:1 /DYNAMICBASE /NXCOMPAT /IMPLIB:"C:\Users\littlegustv\vcprojects\Ignited\Debug\Ignited.lib" /MACHINE:X86 Debug\Background.obj
         Debug\Camera.obj
         Debug\Cinematic.obj
         Debug\Dialogue.obj
         Debug\DialogueTree.obj
         Debug\Effect.obj
         Debug\Exit.obj
         Debug\GameObject.obj
         Debug\Hazard.obj
         Debug\Item.obj
         Debug\Level.obj
         Debug\main.obj
         Debug\NPC.obj
         Debug\Obstacle.obj
         Debug\Player.obj
         Debug\pugixml.obj
         Ignited.vcxproj -> C:\Users\littlegustv\vcprojects\Ignited\Debug\Ignited.exe
     1>Done Building Project "C:\Users\littlegustv\vcprojects\Ignited\Ignited\Ignited.vcxproj" (Build target(s)).

Build succeeded.

Time Elapsed 00:00:05.80
