Build started 2014-04-24 10:41:53 PM.
     1>Project "C:\Users\littlegustv\vcprojects\Ignited\Ignited\Ignited.vcxproj" on node 2 (Build target(s)).
     1>ClCompile:
         C:\Program Files (x86)\Microsoft Visual Studio 12.0\VC\bin\CL.exe /c /Zi /nologo /W3 /WX- /sdl /O2 /Oi /Oy- /GL /D ALLEGRO_STATICLINK /D _MBCS /Gm- /EHsc /MT /GS /Gy /fp:precise /Zc:wchar_t /Zc:forScope /Fo"Release\\" /Fd"Release\vc120.pdb" /Gd /TP /analyze- /errorReport:prompt Background.cpp Camera.cpp Cinematic.cpp Dialogue.cpp Effect.cpp Exit.cpp GameObject.cpp Hazard.cpp Item.cpp Level.cpp main.cpp NPC.cpp Obstacle.cpp Player.cpp
         Background.cpp
         Camera.cpp
         Cinematic.cpp
         Dialogue.cpp
         Effect.cpp
         Exit.cpp
         GameObject.cpp
         Hazard.cpp
         Item.cpp
         Level.cpp
         main.cpp
         NPC.cpp
         Obstacle.cpp
         Player.cpp
       Link:
         C:\Program Files (x86)\Microsoft Visual Studio 12.0\VC\bin\link.exe /ERRORREPORT:PROMPT /OUT:"C:\Users\littlegustv\vcprojects\Ignited\Release\Ignited.exe" /NOLOGO "allegro-5.0.10-monolith-md.lib" "allegro_image-5.0.10-static-mt.lib" "allegro_primitives-5.0.10-static-mt.lib" "allegro_font-5.0.10-static-mt.lib" "allegro_ttf-5.0.10-static-mt.lib" "allegro_audio-5.0.10-static-mt.lib" "allegro_acodec-5.0.10-static-mt.lib" "dumb-0.9.3-static-mt.lib" "freetype-2.4.8-static-mt.lib" "libFLAC-1.2.1-static-mt.lib" "libogg-1.2.1-static-mt.lib" "libvorbis-1.3.2-static-mt.lib" "libvorbisfile-1.3.2-static-mt.lib" "openal-1.14-static-mt.lib" "zlib-1.2.5-static-mt.lib" winmm.lib opengl32.lib gdiplus.lib psapi.lib shlwapi.lib kernel32.lib user32.lib gdi32.lib winspool.lib comdlg32.lib advapi32.lib shell32.lib ole32.lib oleaut32.lib uuid.lib odbc32.lib odbccp32.lib /MANIFEST /MANIFESTUAC:"level='asInvoker' uiAccess='false'" /manifest:embed /DEBUG /PDB:"C:\Users\littlegustv\vcprojects\Ignited\Release\Ignited.pdb" /SUBSYSTEM:WINDOWS /OPT:REF /OPT:ICF /LTCG /TLBID:1 /DYNAMICBASE /NXCOMPAT /IMPLIB:"C:\Users\littlegustv\vcprojects\Ignited\Release\Ignited.lib" /MACHINE:X86 /SAFESEH Release\Background.obj
         Release\Camera.obj
         Release\Cinematic.obj
         Release\Dialogue.obj
         Release\DialogueTree.obj
         Release\Effect.obj
         Release\Exit.obj
         Release\GameObject.obj
         Release\Hazard.obj
         Release\Item.obj
         Release\Level.obj
         Release\main.obj
         Release\NPC.obj
         Release\Obstacle.obj
         Release\Player.obj
         Release\pugixml.obj
         Generating code
     1>c:\users\littlegustv\vcprojects\ignited\ignited\level.cpp(421): warning C4715: 'Level::GetObjectA' : not all control paths return a value
         Finished generating code
         Ignited.vcxproj -> C:\Users\littlegustv\vcprojects\Ignited\Release\Ignited.exe
     1>Done Building Project "C:\Users\littlegustv\vcprojects\Ignited\Ignited\Ignited.vcxproj" (Build target(s)).

Build succeeded.

Time Elapsed 00:00:18.84
